生成启动时间为 2019/1/9 1:55:57。
项目“E:\graphdev\robodraw\ReduceGL\kkdev\kkdev.vcxproj”在节点 2 上(rebuild 个目标)。
_PrepareForClean:
  正在删除文件“Debug\kkdev.lastbuildstate”。
InitializeBuildStatus:
  正在创建“Debug\kkdev.unsuccessfulbuild”，因为已指定“AlwaysCreate”。
ClCompile:
  c:\Program Files (x86)\Microsoft Visual Studio 10.0\VC\bin\CL.exe /c /ZI /nologo /W3 /WX- /Od /Oy- /D _MBCS /Gm /EHsc /RTC1 /MDd /GS /fp:precise /Zc:wchar_t /Zc:forScope /Fo"Debug\\" /Fd"Debug\vc100.pdb" /Gd /TP /analyze- /errorReport:prompt Model3dRender.cpp
  Model3dRender.cpp
e:\graphdev\robodraw\reducegl\kkdev\c24bitmap.h : warning C4819: 该文件包含不能在当前代码页(936)中表示的字符。请将该文件保存为 Unicode 格式以防止数据丢失
e:\graphdev\robodraw\reducegl\kkdev\c24bitmap.h(210): warning C4244: “参数”: 从“double”转换到“int”，可能丢失数据
e:\graphdev\robodraw\reducegl\kkdev\c24bitmap.h(210): warning C4244: “参数”: 从“double”转换到“int”，可能丢失数据
e:\graphdev\robodraw\reducegl\kkdev\c24bitmap.h(210): warning C4244: “参数”: 从“double”转换到“int”，可能丢失数据
e:\graphdev\robodraw\reducegl\kkdev\c24bitmap.h(210): warning C4244: “参数”: 从“double”转换到“int”，可能丢失数据
e:\graphdev\robodraw\reducegl\kkdev\c24bitmap.h(211): warning C4244: “参数”: 从“double”转换到“int”，可能丢失数据
e:\graphdev\robodraw\reducegl\kkdev\c24bitmap.h(211): warning C4244: “参数”: 从“double”转换到“int”，可能丢失数据
e:\graphdev\robodraw\reducegl\kkdev\c24bitmap.h(211): warning C4244: “参数”: 从“double”转换到“int”，可能丢失数据
e:\graphdev\robodraw\reducegl\kkdev\c24bitmap.h(211): warning C4244: “参数”: 从“double”转换到“int”，可能丢失数据
e:\graphdev\robodraw\reducegl\kkdev\c24bitmap.h(212): warning C4244: “参数”: 从“double”转换到“int”，可能丢失数据
e:\graphdev\robodraw\reducegl\kkdev\c24bitmap.h(212): warning C4244: “参数”: 从“double”转换到“int”，可能丢失数据
e:\graphdev\robodraw\reducegl\kkdev\c24bitmap.h(212): warning C4244: “参数”: 从“double”转换到“int”，可能丢失数据
e:\graphdev\robodraw\reducegl\kkdev\c24bitmap.h(212): warning C4244: “参数”: 从“double”转换到“int”，可能丢失数据
e:\graphdev\robodraw\reducegl\kkdev\c24bitmap.h(213): warning C4244: “参数”: 从“double”转换到“int”，可能丢失数据
e:\graphdev\robodraw\reducegl\kkdev\c24bitmap.h(213): warning C4244: “参数”: 从“double”转换到“int”，可能丢失数据
e:\graphdev\robodraw\reducegl\kkdev\c24bitmap.h(213): warning C4244: “参数”: 从“double”转换到“int”，可能丢失数据
e:\graphdev\robodraw\reducegl\kkdev\c24bitmap.h(213): warning C4244: “参数”: 从“double”转换到“int”，可能丢失数据
e:\graphdev\robodraw\reducegl\kkdev\c24bitmap.h(405): warning C4244: “=”: 从“double”转换到“int”，可能丢失数据
e:\graphdev\robodraw\reducegl\kkdev\c24bitmap.h(406): warning C4244: “=”: 从“double”转换到“int”，可能丢失数据
e:\graphdev\robodraw\reducegl\kkdev\c24bitmap.h(409): warning C4244: “=”: 从“int”转换到“float”，可能丢失数据
e:\graphdev\robodraw\reducegl\kkdev\c24bitmap.h(409): warning C4244: “=”: 从“int”转换到“float”，可能丢失数据
e:\graphdev\robodraw\reducegl\kkdev\c24bitmap.h(416): warning C4244: “=”: 从“double”转换到“BYTE”，可能丢失数据
e:\graphdev\robodraw\reducegl\kkdev\c24bitmap.h(417): warning C4244: “=”: 从“double”转换到“BYTE”，可能丢失数据
e:\graphdev\robodraw\reducegl\kkdev\c24bitmap.h(418): warning C4244: “=”: 从“double”转换到“BYTE”，可能丢失数据
e:\graphdev\robodraw\reducegl\kkdev\c24bitmap.h(426): warning C4244: “=”: 从“double”转换到“int”，可能丢失数据
e:\graphdev\robodraw\reducegl\kkdev\c24bitmap.h(427): warning C4244: “=”: 从“double”转换到“int”，可能丢失数据
e:\graphdev\robodraw\reducegl\kkdev\c24bitmap.h(430): warning C4244: “=”: 从“int”转换到“float”，可能丢失数据
e:\graphdev\robodraw\reducegl\kkdev\c24bitmap.h(430): warning C4244: “=”: 从“int”转换到“float”，可能丢失数据
e:\graphdev\robodraw\reducegl\kkdev\c24bitmap.h(509): warning C4996: 'fopen': This function or variable may be unsafe. Consider using fopen_s instead. To disable deprecation, use _CRT_SECURE_NO_WARNINGS. See online help for details.
          c:\program files (x86)\microsoft visual studio 10.0\vc\include\stdio.h(234) : 参见“fopen”的声明
e:\graphdev\robodraw\reducegl\kkdev\c24bitmap.h(521): warning C4996: 'fopen': This function or variable may be unsafe. Consider using fopen_s instead. To disable deprecation, use _CRT_SECURE_NO_WARNINGS. See online help for details.
          c:\program files (x86)\microsoft visual studio 10.0\vc\include\stdio.h(234) : 参见“fopen”的声明
e:\graphdev\robodraw\reducegl\kkdev\c256bitmap.h : warning C4819: 该文件包含不能在当前代码页(936)中表示的字符。请将该文件保存为 Unicode 格式以防止数据丢失
e:\graphdev\robodraw\reducegl\kkdev\c256bitmap.h(96): warning C4996: 'fopen': This function or variable may be unsafe. Consider using fopen_s instead. To disable deprecation, use _CRT_SECURE_NO_WARNINGS. See online help for details.
          c:\program files (x86)\microsoft visual studio 10.0\vc\include\stdio.h(234) : 参见“fopen”的声明
e:\graphdev\robodraw\reducegl\kkdev\c256bitmap.h(107): warning C4996: 'fopen': This function or variable may be unsafe. Consider using fopen_s instead. To disable deprecation, use _CRT_SECURE_NO_WARNINGS. See online help for details.
          c:\program files (x86)\microsoft visual studio 10.0\vc\include\stdio.h(234) : 参见“fopen”的声明
e:\graphdev\robodraw\reducegl\kkdev\read_cfg.h(86): warning C4996: 'fopen': This function or variable may be unsafe. Consider using fopen_s instead. To disable deprecation, use _CRT_SECURE_NO_WARNINGS. See online help for details.
          c:\program files (x86)\microsoft visual studio 10.0\vc\include\stdio.h(234) : 参见“fopen”的声明
e:\graphdev\robodraw\reducegl\kkdev\read_cfg.h(104): warning C4996: 'fopen': This function or variable may be unsafe. Consider using fopen_s instead. To disable deprecation, use _CRT_SECURE_NO_WARNINGS. See online help for details.
          c:\program files (x86)\microsoft visual studio 10.0\vc\include\stdio.h(234) : 参见“fopen”的声明
e:\graphdev\robodraw\reducegl\kkdev\c24bitmap.h : warning C4819: 该文件包含不能在当前代码页(936)中表示的字符。请将该文件保存为 Unicode 格式以防止数据丢失
e:\graphdev\robodraw\reducegl\kkdev\c256bitmap.h : warning C4819: 该文件包含不能在当前代码页(936)中表示的字符。请将该文件保存为 Unicode 格式以防止数据丢失
e:\graphdev\robodraw\reducegl\kkdev\zbuffer.h(242): warning C4244: “=”: 从“int”转换到“float”，可能丢失数据
e:\graphdev\robodraw\reducegl\kkdev\zbuffer.h(243): warning C4244: “=”: 从“int”转换到“float”，可能丢失数据
e:\graphdev\robodraw\reducegl\kkdev\zbuffer.h(245): warning C4244: “=”: 从“int”转换到“float”，可能丢失数据
e:\graphdev\robodraw\reducegl\kkdev\zbuffer.h(246): warning C4244: “=”: 从“int”转换到“float”，可能丢失数据
e:\graphdev\robodraw\reducegl\kkdev\zbuffer.h(251): warning C4244: “=”: 从“double”转换到“float”，可能丢失数据
e:\graphdev\robodraw\reducegl\kkdev\zbuffer.h(259): warning C4244: “=”: 从“int”转换到“float”，可能丢失数据
e:\graphdev\robodraw\reducegl\kkdev\zbuffer.h(260): warning C4244: “=”: 从“int”转换到“float”，可能丢失数据
e:\graphdev\robodraw\reducegl\kkdev\zbuffer.h(264): warning C4244: “=”: 从“int”转换到“float”，可能丢失数据
e:\graphdev\robodraw\reducegl\kkdev\zbuffer.h(265): warning C4244: “=”: 从“int”转换到“float”，可能丢失数据
e:\graphdev\robodraw\reducegl\kkdev\zbuffer.h(269): warning C4244: “=”: 从“int”转换到“float”，可能丢失数据
e:\graphdev\robodraw\reducegl\kkdev\zbuffer.h(270): warning C4244: “=”: 从“int”转换到“float”，可能丢失数据
e:\graphdev\robodraw\reducegl\kkdev\zbuffer.h(274): warning C4244: “=”: 从“int”转换到“float”，可能丢失数据
e:\graphdev\robodraw\reducegl\kkdev\zbuffer.h(275): warning C4244: “=”: 从“int”转换到“float”，可能丢失数据
e:\graphdev\robodraw\reducegl\kkdev\zbuffer.h(532): warning C4244: “=”: 从“int”转换到“float”，可能丢失数据
e:\graphdev\robodraw\reducegl\kkdev\zbuffer.h(533): warning C4244: “=”: 从“int”转换到“float”，可能丢失数据
e:\graphdev\robodraw\reducegl\kkdev\zbuffer.h(535): warning C4244: “=”: 从“int”转换到“float”，可能丢失数据
e:\graphdev\robodraw\reducegl\kkdev\zbuffer.h(536): warning C4244: “=”: 从“int”转换到“float”，可能丢失数据
e:\graphdev\robodraw\reducegl\kkdev\zbuffer.h(541): warning C4244: “=”: 从“double”转换到“float”，可能丢失数据
e:\graphdev\robodraw\reducegl\kkdev\zbuffer.h(549): warning C4244: “=”: 从“int”转换到“float”，可能丢失数据
e:\graphdev\robodraw\reducegl\kkdev\zbuffer.h(550): warning C4244: “=”: 从“int”转换到“float”，可能丢失数据
e:\graphdev\robodraw\reducegl\kkdev\zbuffer.h(690): warning C4244: “=”: 从“double”转换到“float”，可能丢失数据
e:\graphdev\robodraw\reducegl\kkdev\zbuffer.h(706): warning C4244: “=”: 从“double”转换到“float”，可能丢失数据
e:\graphdev\robodraw\reducegl\kkdev\zbuffer.h(500): warning C4101: “drdy”: 未引用的局部变量
e:\graphdev\robodraw\reducegl\kkdev\zbuffer.h(506): warning C4101: “dtdl_min”: 未引用的局部变量
e:\graphdev\robodraw\reducegl\kkdev\zbuffer.h(505): warning C4101: “dsdy”: 未引用的局部变量
e:\graphdev\robodraw\reducegl\kkdev\zbuffer.h(501): warning C4101: “dgdx”: 未引用的局部变量
e:\graphdev\robodraw\reducegl\kkdev\zbuffer.h(506): warning C4101: “dtdy”: 未引用的局部变量
e:\graphdev\robodraw\reducegl\kkdev\zbuffer.h(500): warning C4101: “r1”: 未引用的局部变量
e:\graphdev\robodraw\reducegl\kkdev\zbuffer.h(501): warning C4101: “dgdy”: 未引用的局部变量
e:\graphdev\robodraw\reducegl\kkdev\zbuffer.h(505): warning C4101: “dsdl_max”: 未引用的局部变量
e:\graphdev\robodraw\reducegl\kkdev\zbuffer.h(500): warning C4101: “drdl_min”: 未引用的局部变量
e:\graphdev\robodraw\reducegl\kkdev\zbuffer.h(501): warning C4101: “dgdl_min”: 未引用的局部变量
e:\graphdev\robodraw\reducegl\kkdev\zbuffer.h(505): warning C4101: “dsdl_min”: 未引用的局部变量
e:\graphdev\robodraw\reducegl\kkdev\zbuffer.h(502): warning C4101: “dbdl_min”: 未引用的局部变量
e:\graphdev\robodraw\reducegl\kkdev\zbuffer.h(502): warning C4101: “dbdx”: 未引用的局部变量
e:\graphdev\robodraw\reducegl\kkdev\zbuffer.h(501): warning C4101: “dgdl_max”: 未引用的局部变量
e:\graphdev\robodraw\reducegl\kkdev\zbuffer.h(506): warning C4101: “dtdl_max”: 未引用的局部变量
e:\graphdev\robodraw\reducegl\kkdev\zbuffer.h(505): warning C4101: “s1”: 未引用的局部变量
e:\graphdev\robodraw\reducegl\kkdev\zbuffer.h(502): warning C4101: “dbdl_max”: 未引用的局部变量
e:\graphdev\robodraw\reducegl\kkdev\zbuffer.h(501): warning C4101: “g1”: 未引用的局部变量
e:\graphdev\robodraw\reducegl\kkdev\zbuffer.h(506): warning C4101: “t1”: 未引用的局部变量
e:\graphdev\robodraw\reducegl\kkdev\zbuffer.h(500): warning C4101: “drdx”: 未引用的局部变量
e:\graphdev\robodraw\reducegl\kkdev\zbuffer.h(505): warning C4101: “dsdx”: 未引用的局部变量
e:\graphdev\robodraw\reducegl\kkdev\zbuffer.h(502): warning C4101: “dbdy”: 未引用的局部变量
e:\graphdev\robodraw\reducegl\kkdev\zbuffer.h(506): warning C4101: “dtdx”: 未引用的局部变量
e:\graphdev\robodraw\reducegl\kkdev\zbuffer.h(500): warning C4101: “drdl_max”: 未引用的局部变量
e:\graphdev\robodraw\reducegl\kkdev\zbuffer.h(502): warning C4101: “b1”: 未引用的局部变量
e:\graphdev\robodraw\reducegl\kkdev\gl.h(311): warning C4099: “GLTexture”: 类型名称以前使用“class”现在使用的是“struct”
          e:\graphdev\robodraw\reducegl\kkdev\gl.h(306) : 参见“GLTexture”的声明
e:\graphdev\robodraw\reducegl\kkdev\gl.h(541): warning C4305: “参数”: 从“double”到“float”截断
e:\graphdev\robodraw\reducegl\kkdev\gl.h(541): warning C4305: “参数”: 从“double”到“float”截断
e:\graphdev\robodraw\reducegl\kkdev\gl.h(541): warning C4305: “参数”: 从“double”到“float”截断
e:\graphdev\robodraw\reducegl\kkdev\gl.h(550): warning C4305: “参数”: 从“double”到“float”截断
e:\graphdev\robodraw\reducegl\kkdev\gl.h(550): warning C4305: “参数”: 从“double”到“float”截断
e:\graphdev\robodraw\reducegl\kkdev\gl.h(550): warning C4305: “参数”: 从“double”到“float”截断
e:\graphdev\robodraw\reducegl\kkdev\gl.h(551): warning C4305: “参数”: 从“double”到“float”截断
e:\graphdev\robodraw\reducegl\kkdev\gl.h(551): warning C4305: “参数”: 从“double”到“float”截断
e:\graphdev\robodraw\reducegl\kkdev\gl.h(551): warning C4305: “参数”: 从“double”到“float”截断
e:\graphdev\robodraw\reducegl\kkdev\gl.h(920): warning C4244: “=”: 从“GLdouble”转换到“float”，可能丢失数据
e:\graphdev\robodraw\reducegl\kkdev\gl.h(921): warning C4244: “=”: 从“GLdouble”转换到“float”，可能丢失数据
e:\graphdev\robodraw\reducegl\kkdev\gl.h(922): warning C4244: “=”: 从“GLdouble”转换到“float”，可能丢失数据
e:\graphdev\robodraw\reducegl\kkdev\gl.h(924): warning C4244: “=”: 从“GLdouble”转换到“float”，可能丢失数据
e:\graphdev\robodraw\reducegl\kkdev\gl.h(925): warning C4244: “=”: 从“GLdouble”转换到“float”，可能丢失数据
e:\graphdev\robodraw\reducegl\kkdev\gl.h(926): warning C4244: “=”: 从“GLdouble”转换到“float”，可能丢失数据
e:\graphdev\robodraw\reducegl\kkdev\gl.h(951): warning C4244: “参数”: 从“GLdouble”转换到“float”，可能丢失数据
e:\graphdev\robodraw\reducegl\kkdev\gl.h(951): warning C4244: “参数”: 从“GLdouble”转换到“float”，可能丢失数据
e:\graphdev\robodraw\reducegl\kkdev\gl.h(951): warning C4244: “参数”: 从“GLdouble”转换到“float”，可能丢失数据
e:\graphdev\robodraw\reducegl\kkdev\gl.h(969): warning C4244: “初始化”: 从“float”转换到“int”，可能丢失数据
e:\graphdev\robodraw\reducegl\kkdev\gl.h(973): warning C4244: “=”: 从“double”转换到“float”，可能丢失数据
e:\graphdev\robodraw\reducegl\kkdev\gl.h(974): warning C4244: “=”: 从“double”转换到“float”，可能丢失数据
e:\graphdev\robodraw\reducegl\kkdev\gl.h(975): warning C4244: “=”: 从“double”转换到“float”，可能丢失数据
e:\graphdev\robodraw\reducegl\kkdev\gl.h(977): warning C4244: “=”: 从“double”转换到“float”，可能丢失数据
e:\graphdev\robodraw\reducegl\kkdev\gl.h(978): warning C4244: “=”: 从“double”转换到“float”，可能丢失数据
e:\graphdev\robodraw\reducegl\kkdev\gl.h(979): warning C4244: “=”: 从“double”转换到“float”，可能丢失数据
e:\graphdev\robodraw\reducegl\kkdev\gl.h(987): warning C4101: “i”: 未引用的局部变量
e:\graphdev\robodraw\reducegl\kkdev\gl.h(1306): warning C4244: “=”: 从“double”转换到“float”，可能丢失数据
e:\graphdev\robodraw\reducegl\kkdev\gl.h(1373): warning C4101: “m”: 未引用的局部变量
e:\graphdev\robodraw\reducegl\kkdev\gl.h(1390): warning C4101: “m”: 未引用的局部变量
e:\graphdev\robodraw\reducegl\kkdev\gl.h(1454): warning C4244: “=”: 从“double”转换到“float”，可能丢失数据
e:\graphdev\robodraw\reducegl\kkdev\gl.h(1455): warning C4244: “=”: 从“double”转换到“float”，可能丢失数据
e:\graphdev\robodraw\reducegl\kkdev\gl.h(1456): warning C4244: “=”: 从“double”转换到“float”，可能丢失数据
e:\graphdev\robodraw\reducegl\kkdev\gl.h(1457): warning C4244: “=”: 从“double”转换到“float”，可能丢失数据
e:\graphdev\robodraw\reducegl\kkdev\gl.h(1458): warning C4244: “=”: 从“double”转换到“float”，可能丢失数据
e:\graphdev\robodraw\reducegl\kkdev\gl.h(1459): warning C4244: “=”: 从“double”转换到“float”，可能丢失数据
e:\graphdev\robodraw\reducegl\kkdev\gl.h(1504): warning C4244: “=”: 从“float”转换到“int”，可能丢失数据
e:\graphdev\robodraw\reducegl\kkdev\gl.h(1603): warning C4244: “=”: 从“double”转换到“float”，可能丢失数据
e:\graphdev\robodraw\reducegl\kkdev\gl.h(1670): warning C4101: “p”: 未引用的局部变量
e:\graphdev\robodraw\reducegl\kkdev\gl.h(1699): warning C4244: “=”: 从“double”转换到“float”，可能丢失数据
e:\graphdev\robodraw\reducegl\kkdev\gl.h(1713): warning C4244: “=”: 从“double”转换到“float”，可能丢失数据
e:\graphdev\robodraw\reducegl\kkdev\gl.h(2175): warning C4244: “=”: 从“double”转换到“float”，可能丢失数据
e:\graphdev\robodraw\reducegl\kkdev\node.h(160): warning C4305: “=”: 从“double”到“float”截断
e:\graphdev\robodraw\reducegl\kkdev\node.h(160): warning C4305: “=”: 从“double”到“float”截断
e:\graphdev\robodraw\reducegl\kkdev\node.h(160): warning C4305: “=”: 从“double”到“float”截断
e:\graphdev\robodraw\reducegl\kkdev\node.h(131): warning C4101: “i”: 未引用的局部变量
e:\graphdev\robodraw\reducegl\kkdev\geometry.h : warning C4819: 该文件包含不能在当前代码页(936)中表示的字符。请将该文件保存为 Unicode 格式以防止数据丢失
e:\graphdev\robodraw\reducegl\kkdev\readstl.h(282): warning C4996: 'fopen': This function or variable may be unsafe. Consider using fopen_s instead. To disable deprecation, use _CRT_SECURE_NO_WARNINGS. See online help for details.
          c:\program files (x86)\microsoft visual studio 10.0\vc\include\stdio.h(234) : 参见“fopen”的声明
e:\graphdev\robodraw\reducegl\kkdev\c24bitmap.h : warning C4819: 该文件包含不能在当前代码页(936)中表示的字符。请将该文件保存为 Unicode 格式以防止数据丢失
e:\graphdev\robodraw\reducegl\kkdev\geometry.h(524): warning C4244: “参数”: 从“double”转换到“float”，可能丢失数据
e:\graphdev\robodraw\reducegl\kkdev\geometry.h(524): warning C4244: “参数”: 从“double”转换到“float”，可能丢失数据
e:\graphdev\robodraw\reducegl\kkdev\geometry.h(524): warning C4244: “参数”: 从“double”转换到“float”，可能丢失数据
e:\graphdev\robodraw\reducegl\kkdev\geometry.h(525): warning C4244: “参数”: 从“double”转换到“float”，可能丢失数据
e:\graphdev\robodraw\reducegl\kkdev\geometry.h(525): warning C4244: “参数”: 从“double”转换到“float”，可能丢失数据
e:\graphdev\robodraw\reducegl\kkdev\geometry.h(525): warning C4244: “参数”: 从“double”转换到“float”，可能丢失数据
e:\graphdev\robodraw\reducegl\kkdev\geometry.h(581): warning C4018: “<”: 有符号/无符号不匹配
e:\graphdev\robodraw\reducegl\kkdev\geometry.h(589): warning C4244: “参数”: 从“double”转换到“float”，可能丢失数据
e:\graphdev\robodraw\reducegl\kkdev\geometry.h(589): warning C4244: “参数”: 从“double”转换到“float”，可能丢失数据
e:\graphdev\robodraw\reducegl\kkdev\geometry.h(589): warning C4244: “参数”: 从“double”转换到“float”，可能丢失数据
e:\graphdev\robodraw\reducegl\kkdev\geometry.h(595): warning C4244: “参数”: 从“double”转换到“float”，可能丢失数据
e:\graphdev\robodraw\reducegl\kkdev\geometry.h(595): warning C4244: “参数”: 从“double”转换到“float”，可能丢失数据
e:\graphdev\robodraw\reducegl\kkdev\geometry.h(595): warning C4244: “参数”: 从“double”转换到“float”，可能丢失数据
e:\graphdev\robodraw\reducegl\kkdev\geometry.h(565): warning C4101: “i”: 未引用的局部变量
e:\graphdev\robodraw\reducegl\kkdev\geometry.h(576): warning C4101: “zzz”: 未引用的局部变量
e:\graphdev\robodraw\reducegl\kkdev\geometry.h(576): warning C4101: “yyy”: 未引用的局部变量
e:\graphdev\robodraw\reducegl\kkdev\geometry.h(576): warning C4101: “xxx”: 未引用的局部变量
e:\graphdev\robodraw\reducegl\kkdev\c24bitmap.h : warning C4819: 该文件包含不能在当前代码页(936)中表示的字符。请将该文件保存为 Unicode 格式以防止数据丢失
e:\graphdev\robodraw\reducegl\kkdev\geometry.h(645): warning C4101: “i”: 未引用的局部变量
e:\graphdev\robodraw\reducegl\kkdev\model3drender.cpp(26): warning C4305: “初始化”: 从“double”到“GLfloat”截断
e:\graphdev\robodraw\reducegl\kkdev\model3drender.cpp(26): warning C4305: “初始化”: 从“double”到“GLfloat”截断
e:\graphdev\robodraw\reducegl\kkdev\model3drender.cpp(27): warning C4305: “初始化”: 从“double”到“GLfloat”截断
e:\graphdev\robodraw\reducegl\kkdev\model3drender.cpp(27): warning C4305: “初始化”: 从“double”到“GLfloat”截断
e:\graphdev\robodraw\reducegl\kkdev\model3drender.cpp(28): warning C4305: “初始化”: 从“double”到“GLfloat”截断
e:\graphdev\robodraw\reducegl\kkdev\model3drender.cpp(28): warning C4305: “初始化”: 从“double”到“GLfloat”截断
e:\graphdev\robodraw\reducegl\kkdev\model3drender.cpp(117): warning C4305: “初始化”: 从“double”到“float”截断
e:\graphdev\robodraw\reducegl\kkdev\model3drender.cpp(117): warning C4305: “初始化”: 从“double”到“float”截断
e:\graphdev\robodraw\reducegl\kkdev\model3drender.cpp(118): warning C4305: “初始化”: 从“double”到“float”截断
e:\graphdev\robodraw\reducegl\kkdev\model3drender.cpp(118): warning C4305: “初始化”: 从“double”到“float”截断
e:\graphdev\robodraw\reducegl\kkdev\model3drender.cpp(120): warning C4305: “初始化”: 从“double”到“float”截断
e:\graphdev\robodraw\reducegl\kkdev\model3drender.cpp(120): warning C4305: “初始化”: 从“double”到“float”截断
e:\graphdev\robodraw\reducegl\kkdev\model3drender.cpp(121): warning C4305: “初始化”: 从“double”到“float”截断
e:\graphdev\robodraw\reducegl\kkdev\model3drender.cpp(121): warning C4305: “初始化”: 从“double”到“float”截断
e:\graphdev\robodraw\reducegl\kkdev\model3drender.cpp(123): warning C4305: “初始化”: 从“double”到“float”截断
e:\graphdev\robodraw\reducegl\kkdev\model3drender.cpp(123): warning C4305: “初始化”: 从“double”到“float”截断
e:\graphdev\robodraw\reducegl\kkdev\model3drender.cpp(124): warning C4305: “初始化”: 从“double”到“float”截断
e:\graphdev\robodraw\reducegl\kkdev\model3drender.cpp(124): warning C4305: “初始化”: 从“double”到“float”截断
e:\graphdev\robodraw\reducegl\kkdev\model3drender.cpp(144): warning C4244: “参数”: 从“double”转换到“float”，可能丢失数据
e:\graphdev\robodraw\reducegl\kkdev\model3drender.cpp(144): warning C4244: “参数”: 从“double”转换到“float”，可能丢失数据
e:\graphdev\robodraw\reducegl\kkdev\model3drender.cpp(144): warning C4244: “参数”: 从“double”转换到“float”，可能丢失数据
e:\graphdev\robodraw\reducegl\kkdev\model3drender.cpp(148): warning C4305: “参数”: 从“double”到“float”截断
e:\graphdev\robodraw\reducegl\kkdev\model3drender.cpp(150): warning C4244: “参数”: 从“double”转换到“float”，可能丢失数据
e:\graphdev\robodraw\reducegl\kkdev\model3drender.cpp(167): warning C4244: “参数”: 从“double”转换到“float”，可能丢失数据
e:\graphdev\robodraw\reducegl\kkdev\model3drender.cpp(167): warning C4244: “参数”: 从“double”转换到“float”，可能丢失数据
e:\graphdev\robodraw\reducegl\kkdev\model3drender.cpp(167): warning C4244: “参数”: 从“double”转换到“float”，可能丢失数据
e:\graphdev\robodraw\reducegl\kkdev\model3drender.cpp(167): warning C4244: “参数”: 从“double”转换到“float”，可能丢失数据
e:\graphdev\robodraw\reducegl\kkdev\model3drender.cpp(168): warning C4244: “参数”: 从“double”转换到“float”，可能丢失数据
e:\graphdev\robodraw\reducegl\kkdev\model3drender.cpp(168): warning C4244: “参数”: 从“double”转换到“float”，可能丢失数据
e:\graphdev\robodraw\reducegl\kkdev\model3drender.cpp(168): warning C4244: “参数”: 从“double”转换到“float”，可能丢失数据
e:\graphdev\robodraw\reducegl\kkdev\model3drender.cpp(184): warning C4305: “参数”: 从“double”到“float”截断
e:\graphdev\robodraw\reducegl\kkdev\model3drender.cpp(185): warning C4305: “参数”: 从“double”到“float”截断
e:\graphdev\robodraw\reducegl\kkdev\model3drender.cpp(255): warning C4244: “参数”: 从“double”转换到“float”，可能丢失数据
e:\graphdev\robodraw\reducegl\kkdev\model3drender.cpp(255): warning C4244: “参数”: 从“double”转换到“float”，可能丢失数据
e:\graphdev\robodraw\reducegl\kkdev\model3drender.cpp(255): warning C4244: “参数”: 从“double”转换到“float”，可能丢失数据
e:\graphdev\robodraw\reducegl\kkdev\model3drender.cpp(256): warning C4244: “参数”: 从“double”转换到“float”，可能丢失数据
e:\graphdev\robodraw\reducegl\kkdev\model3drender.cpp(256): warning C4244: “参数”: 从“double”转换到“float”，可能丢失数据
e:\graphdev\robodraw\reducegl\kkdev\model3drender.cpp(256): warning C4244: “参数”: 从“double”转换到“float”，可能丢失数据
Link:
  c:\Program Files (x86)\Microsoft Visual Studio 10.0\VC\bin\link.exe /ERRORREPORT:PROMPT /OUT:"E:\graphdev\robodraw\ReduceGL\kkdev\Debug\kkdev.exe" /NOLOGO kernel32.lib user32.lib gdi32.lib winspool.lib comdlg32.lib advapi32.lib shell32.lib ole32.lib oleaut32.lib uuid.lib odbc32.lib odbccp32.lib /MANIFEST /ManifestFile:"Debug\kkdev.exe.intermediate.manifest" /MANIFESTUAC:"level='asInvoker' uiAccess='false'" /DEBUG /PDB:"E:\graphdev\robodraw\ReduceGL\kkdev\Debug\kkdev.pdb" /TLBID:1 /DYNAMICBASE /NXCOMPAT /IMPLIB:"E:\graphdev\robodraw\ReduceGL\kkdev\Debug\kkdev.lib" /MACHINE:X86 Debug\Model3dRender.obj
  kkdev.vcxproj -> E:\graphdev\robodraw\ReduceGL\kkdev\Debug\kkdev.exe
Manifest:
  c:\Program Files (x86)\Microsoft SDKs\Windows\v7.0A\bin\mt.exe /nologo /verbose /outputresource:"E:\graphdev\robodraw\ReduceGL\kkdev\Debug\kkdev.exe;#1" /manifest Debug\kkdev.exe.intermediate.manifest
FinalizeBuildStatus:
  正在删除文件“Debug\kkdev.unsuccessfulbuild”。
  正在对“Debug\kkdev.lastbuildstate”执行 Touch 任务。
已完成生成项目“E:\graphdev\robodraw\ReduceGL\kkdev\kkdev.vcxproj”(rebuild 个目标)的操作。

生成成功。

已用时间 00:00:04.25
