D:\GRAPHDEV\REDUCEGL\KKDEVR1\DEBUG\KKDEV.PDB
D:\GRAPHDEV\REDUCEGL\KKDEVR1\DEBUG\MODEL3DRENDER.OBJ
D:\GRAPHDEV\REDUCEGL\KKDEVR1\DEBUG\VC100.PDB
F:\tzwang\graphics\ReduceGL\kkdevr1\Debug\cl.command.1.tlog
F:\tzwang\graphics\ReduceGL\kkdevr1\Debug\CL.read.1.tlog
F:\tzwang\graphics\ReduceGL\kkdevr1\Debug\CL.write.1.tlog
F:\tzwang\graphics\ReduceGL\kkdevr1\Debug\kkdev.exe
F:\tzwang\graphics\ReduceGL\kkdevr1\Debug\kkdev.exe.intermediate.manifest
F:\tzwang\graphics\ReduceGL\kkdevr1\Debug\kkdev.ilk
F:\tzwang\graphics\ReduceGL\kkdevr1\Debug\kkdev.pdb
F:\tzwang\graphics\ReduceGL\kkdevr1\Debug\kkdev.vcxprojResolveAssemblyReference.cache
F:\tzwang\graphics\ReduceGL\kkdevr1\Debug\kkdev.write.1.tlog
F:\tzwang\graphics\ReduceGL\kkdevr1\Debug\link.command.1.tlog
F:\tzwang\graphics\ReduceGL\kkdevr1\Debug\link.read.1.tlog
F:\tzwang\graphics\ReduceGL\kkdevr1\Debug\link.write.1.tlog
F:\tzwang\graphics\ReduceGL\kkdevr1\Debug\Model3dRender.obj
F:\tzwang\graphics\ReduceGL\kkdevr1\Debug\mt.command.1.tlog
F:\tzwang\graphics\ReduceGL\kkdevr1\Debug\mt.read.1.tlog
F:\tzwang\graphics\ReduceGL\kkdevr1\Debug\mt.write.1.tlog
F:\tzwang\graphics\ReduceGL\kkdevr1\Debug\vc100.idb
F:\tzwang\graphics\ReduceGL\kkdevr1\Debug\vc100.pdb
